# JRE version: Java(TM) SE Runtime Environment (8.0_111-b14) (build 1.8.0_111-b14)
# Java VM: Java HotSpot(TM) 64-Bit Server VM (25.111-b14 mixed mode windows-amd64 compressed oops)
Heap:
 PSYoungGen      total 320000K, used 219455K [0x00000000d5d80000, 0x00000000eaa80000, 0x0000000100000000)
  eden space 306176K, 68% used [0x00000000d5d80000,0x00000000e2ab7f88,0x00000000e8880000)
  from space 13824K, 67% used [0x00000000e9600000,0x00000000e9f17ca0,0x00000000ea380000)
  to   space 13824K, 0% used [0x00000000e8880000,0x00000000e8880000,0x00000000e9600000)
 ParOldGen       total 81920K, used 29093K [0x0000000081800000, 0x0000000086800000, 0x00000000d5d80000)
  object space 81920K, 35% used [0x0000000081800000,0x0000000083469698,0x0000000086800000)
 Metaspace       used 56541K, capacity 58786K, committed 59160K, reserved 1099776K
  class space    used 7498K, capacity 7899K, committed 7984K, reserved 1048576K
GC Heap History (10 events):
Event: 7.618 GC heap before
{Heap before GC invocations=10 (full 1):
 PSYoungGen      total 170496K, used 20192K [0x00000000d5d80000, 0x00000000e1380000, 0x0000000100000000)
  eden space 158720K, 5% used [0x00000000d5d80000,0x00000000d65bcfc8,0x00000000df880000)
  from space 11776K, 99% used [0x00000000e0680000,0x00000000e11fb1c0,0x00000000e1200000)
  to   space 13824K, 0% used [0x00000000df880000,0x00000000df880000,0x00000000e0600000)
 ParOldGen       total 59392K, used 12032K [0x0000000081800000, 0x0000000085200000, 0x00000000d5d80000)
  object space 59392K, 20% used [0x0000000081800000,0x00000000823c0188,0x0000000085200000)
 Metaspace       used 34362K, capacity 35412K, committed 35496K, reserved 1081344K
  class space    used 4420K, capacity 4640K, committed 4656K, reserved 1048576K
Event: 7.636 GC heap after
Heap after GC invocations=10 (full 1):
 PSYoungGen      total 172544K, used 6733K [0x00000000d5d80000, 0x00000000e5d00000, 0x0000000100000000)
  eden space 158720K, 0% used [0x00000000d5d80000,0x00000000d5d80000,0x00000000df880000)
  from space 13824K, 48% used [0x00000000df880000,0x00000000dff137e0,0x00000000e0600000)
  to   space 13824K, 0% used [0x00000000e4f80000,0x00000000e4f80000,0x00000000e5d00000)
 ParOldGen       total 59392K, used 16421K [0x0000000081800000, 0x0000000085200000, 0x00000000d5d80000)
  object space 59392K, 27% used [0x0000000081800000,0x0000000082809520,0x0000000085200000)
 Metaspace       used 34362K, capacity 35412K, committed 35496K, reserved 1081344K
  class space    used 4420K, capacity 4640K, committed 4656K, reserved 1048576K
}
Event: 7.636 GC heap before
{Heap before GC invocations=11 (full 2):
 PSYoungGen      total 172544K, used 6733K [0x00000000d5d80000, 0x00000000e5d00000, 0x0000000100000000)
  eden space 158720K, 0% used [0x00000000d5d80000,0x00000000d5d80000,0x00000000df880000)
  from space 13824K, 48% used [0x00000000df880000,0x00000000dff137e0,0x00000000e0600000)
  to   space 13824K, 0% used [0x00000000e4f80000,0x00000000e4f80000,0x00000000e5d00000)
 ParOldGen       total 59392K, used 16421K [0x0000000081800000, 0x0000000085200000, 0x00000000d5d80000)
  object space 59392K, 27% used [0x0000000081800000,0x0000000082809520,0x0000000085200000)
 Metaspace       used 34362K, capacity 35412K, committed 35496K, reserved 1081344K
  class space    used 4420K, capacity 4640K, committed 4656K, reserved 1048576K
Event: 7.788 GC heap after
Heap after GC invocations=11 (full 2):
 PSYoungGen      total 172544K, used 0K [0x00000000d5d80000, 0x00000000e5d00000, 0x0000000100000000)
  eden space 158720K, 0% used [0x00000000d5d80000,0x00000000d5d80000,0x00000000df880000)
  from space 13824K, 0% used [0x00000000df880000,0x00000000df880000,0x00000000e0600000)
  to   space 13824K, 0% used [0x00000000e4f80000,0x00000000e4f80000,0x00000000e5d00000)
 ParOldGen       total 81920K, used 15586K [0x0000000081800000, 0x0000000086800000, 0x00000000d5d80000)
  object space 81920K, 19% used [0x0000000081800000,0x0000000082738b60,0x0000000086800000)
 Metaspace       used 34362K, capacity 35412K, committed 35496K, reserved 1081344K
  class space    used 4420K, capacity 4640K, committed 4656K, reserved 1048576K
}
Event: 10.849 GC heap before
{Heap before GC invocations=12 (full 2):
 PSYoungGen      total 172544K, used 158720K [0x00000000d5d80000, 0x00000000e5d00000, 0x0000000100000000)
  eden space 158720K, 100% used [0x00000000d5d80000,0x00000000df880000,0x00000000df880000)
  from space 13824K, 0% used [0x00000000df880000,0x00000000df880000,0x00000000e0600000)
  to   space 13824K, 0% used [0x00000000e4f80000,0x00000000e4f80000,0x00000000e5d00000)
 ParOldGen       total 81920K, used 15586K [0x0000000081800000, 0x0000000086800000, 0x00000000d5d80000)
  object space 81920K, 19% used [0x0000000081800000,0x0000000082738b60,0x0000000086800000)
 Metaspace       used 39810K, capacity 41456K, committed 41648K, reserved 1085440K
  class space    used 5156K, capacity 5482K, committed 5552K, reserved 1048576K
Event: 10.863 GC heap after
Heap after GC invocations=12 (full 2):
 PSYoungGen      total 233984K, used 11288K [0x00000000d5d80000, 0x00000000e5b00000, 0x0000000100000000)
  eden space 222208K, 0% used [0x00000000d5d80000,0x00000000d5d80000,0x00000000e3680000)
  from space 11776K, 95% used [0x00000000e4f80000,0x00000000e5a862a0,0x00000000e5b00000)
  to   space 14336K, 0% used [0x00000000e3f00000,0x00000000e3f00000,0x00000000e4d00000)
 ParOldGen       total 81920K, used 15594K [0x0000000081800000, 0x0000000086800000, 0x00000000d5d80000)
  object space 81920K, 19% used [0x0000000081800000,0x000000008273ab60,0x0000000086800000)
 Metaspace       used 39810K, capacity 41456K, committed 41648K, reserved 1085440K
  class space    used 5156K, capacity 5482K, committed 5552K, reserved 1048576K
}
Event: 12.843 GC heap before
{Heap before GC invocations=13 (full 2):
 PSYoungGen      total 233984K, used 233496K [0x00000000d5d80000, 0x00000000e5b00000, 0x0000000100000000)
  eden space 222208K, 100% used [0x00000000d5d80000,0x00000000e3680000,0x00000000e3680000)
  from space 11776K, 95% used [0x00000000e4f80000,0x00000000e5a862a0,0x00000000e5b00000)
  to   space 14336K, 0% used [0x00000000e3f00000,0x00000000e3f00000,0x00000000e4d00000)
 ParOldGen       total 81920K, used 15594K [0x0000000081800000, 0x0000000086800000, 0x00000000d5d80000)
  object space 81920K, 19% used [0x0000000081800000,0x000000008273ab60,0x0000000086800000)
 Metaspace       used 43042K, capacity 44832K, committed 45104K, reserved 1089536K
  class space    used 5589K, capacity 5916K, committed 5936K, reserved 1048576K
Event: 12.887 GC heap after
Heap after GC invocations=13 (full 2):
 PSYoungGen      total 245248K, used 8119K [0x00000000d5d80000, 0x00000000ea380000, 0x0000000100000000)
  eden space 230912K, 0% used [0x00000000d5d80000,0x00000000d5d80000,0x00000000e3f00000)
  from space 14336K, 56% used [0x00000000e3f00000,0x00000000e46edc68,0x00000000e4d00000)
  to   space 13824K, 0% used [0x00000000e9600000,0x00000000e9600000,0x00000000ea380000)
 ParOldGen       total 81920K, used 23369K [0x0000000081800000, 0x0000000086800000, 0x00000000d5d80000)
  object space 81920K, 28% used [0x0000000081800000,0x0000000082ed2638,0x0000000086800000)
 Metaspace       used 43042K, capacity 44832K, committed 45104K, reserved 1089536K
  class space    used 5589K, capacity 5916K, committed 5936K, reserved 1048576K
}
Event: 14.532 GC heap before
{Heap before GC invocations=14 (full 2):
 PSYoungGen      total 245248K, used 239031K [0x00000000d5d80000, 0x00000000ea380000, 0x0000000100000000)
  eden space 230912K, 100% used [0x00000000d5d80000,0x00000000e3f00000,0x00000000e3f00000)
  from space 14336K, 56% used [0x00000000e3f00000,0x00000000e46edc68,0x00000000e4d00000)
  to   space 13824K, 0% used [0x00000000e9600000,0x00000000e9600000,0x00000000ea380000)
 ParOldGen       total 81920K, used 23369K [0x0000000081800000, 0x0000000086800000, 0x00000000d5d80000)
  object space 81920K, 28% used [0x0000000081800000,0x0000000082ed2638,0x0000000086800000)
 Metaspace       used 46358K, capacity 48580K, committed 48816K, reserved 1091584K
  class space    used 6059K, capacity 6452K, committed 6576K, reserved 1048576K
Event: 14.567 GC heap after
Heap after GC invocations=14 (full 2):
 PSYoungGen      total 320000K, used 9311K [0x00000000d5d80000, 0x00000000eaa80000, 0x0000000100000000)
  eden space 306176K, 0% used [0x00000000d5d80000,0x00000000d5d80000,0x00000000e8880000)
  from space 13824K, 67% used [0x00000000e9600000,0x00000000e9f17ca0,0x00000000ea380000)
  to   space 13824K, 0% used [0x00000000e8880000,0x00000000e8880000,0x00000000e9600000)
 ParOldGen       total 81920K, used 29093K [0x0000000081800000, 0x0000000086800000, 0x00000000d5d80000)
  object space 81920K, 35% used [0x0000000081800000,0x0000000083469698,0x0000000086800000)
 Metaspace       used 46358K, capacity 48580K, committed 48816K, reserved 1091584K
  class space    used 6059K, capacity 6452K, committed 6576K, reserved 1048576K
}

